2022/07/30 13:10:38 [emerg] 1#1: mkdir() "/var/www/cache" failed (2: No such file or directory)
2022/07/30 13:13:10 [emerg] 1#1: mkdir() "/var/www/cache" failed (2: No such file or directory)
2022/07/30 13:31:58 [emerg] 1#1: host not found in upstream "travel" in /etc/nginx/conf.d/server.conf:32
2022/07/30 13:33:20 [emerg] 1#1: host not found in upstream "travel" in /etc/nginx/conf.d/server.conf:32
2022/07/30 13:34:00 [emerg] 1#1: host not found in upstream "travel" in /etc/nginx/conf.d/server.conf:32
2022/07/30 13:35:30 [emerg] 1#1: host not found in upstream "laraproject" in /etc/nginx/conf.d/server.conf:32
2022/09/07 13:38:34 [warn] 1#1: load balancing method redefined in /etc/nginx/nginx.conf:33
2022/09/07 13:38:34 [warn] 1#1: load balancing method redefined in /etc/nginx/nginx.conf:34
2022/09/07 13:42:10 [warn] 1#1: load balancing method redefined in /etc/nginx/nginx.conf:33
2022/09/07 13:42:10 [warn] 1#1: load balancing method redefined in /etc/nginx/nginx.conf:34
2022/09/07 13:45:01 [warn] 1#1: load balancing method redefined in /etc/nginx/nginx.conf:33
2022/09/07 13:45:01 [warn] 1#1: load balancing method redefined in /etc/nginx/nginx.conf:34
2022/09/07 13:48:06 [warn] 1#1: load balancing method redefined in /etc/nginx/nginx.conf:33
2022/09/07 13:48:06 [warn] 1#1: load balancing method redefined in /etc/nginx/nginx.conf:34
2022/09/07 13:50:04 [warn] 1#1: load balancing method redefined in /etc/nginx/nginx.conf:33
2022/09/07 13:50:04 [warn] 1#1: load balancing method redefined in /etc/nginx/nginx.conf:34
2022/09/07 13:52:05 [warn] 1#1: load balancing method redefined in /etc/nginx/nginx.conf:33
2022/09/07 13:52:05 [warn] 1#1: load balancing method redefined in /etc/nginx/nginx.conf:34
2022/09/07 13:56:48 [warn] 1#1: load balancing method redefined in /etc/nginx/nginx.conf:33
2022/09/07 13:56:48 [warn] 1#1: load balancing method redefined in /etc/nginx/nginx.conf:34
2022/09/07 14:17:48 [warn] 1#1: load balancing method redefined in /etc/nginx/nginx.conf:33
2022/09/07 14:17:48 [warn] 1#1: load balancing method redefined in /etc/nginx/nginx.conf:34
2022/09/07 14:20:22 [warn] 1#1: load balancing method redefined in /etc/nginx/nginx.conf:34
2022/09/07 14:25:02 [warn] 1#1: load balancing method redefined in /etc/nginx/nginx.conf:34
2022/09/08 04:32:29 [emerg] 1#1: host not found in upstream "travel1:9000" in /etc/nginx/nginx.conf:29
2022/09/08 05:03:00 [emerg] 1#1: host not found in upstream "travel1:9000" in /etc/nginx/nginx.conf:29
2022/09/08 06:51:12 [emerg] 1#1: unknown directive "pm.max_children" in /etc/nginx/conf.d/server.conf:38
2022/09/08 06:52:45 [emerg] 1#1: unknown directive "pm.max_children" in /etc/nginx/conf.d/server.conf:13
2022/09/08 11:30:45 [emerg] 1#1: host not found in upstream "travel2:9000" in /etc/nginx/nginx.conf:30
